2024-12-15 11:35:48,121 - INFO - Logging initialized. Logs will be saved to: ./my_logs\training.log
2024-12-15 11:37:13,146 - INFO - Logging initialized. Logs will be saved to: ./my_logs\training.log
2024-12-15 11:37:15,406 - INFO - Epoch [1/700] started.
2024-12-16 11:04:41,080 - INFO - Logging initialized. Logs will be saved to: ./my_logs\training.log
2024-12-16 11:06:59,287 - INFO - Logging initialized. Logs will be saved to: ./my_logs\training.log
2024-12-16 11:07:01,951 - INFO - Epoch [1/700] started.
2024-12-16 11:11:03,665 - INFO - Logging initialized. Logs will be saved to: ./my_logs\training.log
2024-12-16 11:11:06,344 - INFO - Epoch [1/700] started.
2024-12-16 11:12:50,370 - INFO - Logging initialized. Logs will be saved to: ./my_logs\training.log
2024-12-16 11:12:53,193 - INFO - Epoch [1/700] started.
2024-12-16 11:16:38,217 - INFO - Epoch [1/700]: Train Loss: 3.4813, Learning Rate: 0.320000
2024-12-16 11:16:38,297 - INFO - Best model updated. Loss: 3.4813, Model saved to ./saved_models/pretraining
2024-12-16 11:16:38,297 - INFO - Epoch [2/700] started.
2024-12-16 14:13:56,201 - INFO - Logging initialized. Logs will be saved to: ./my_logs\training.log
2024-12-16 14:13:58,629 - INFO - Epoch [1/700] started.
2024-12-16 14:20:45,133 - INFO - Epoch [1/700]: Train Loss: 3.5923, Learning Rate: 0.320000
2024-12-16 14:20:45,153 - INFO - Best model updated. Loss: 3.5923, Model saved to ./saved_models/pretraining
2024-12-16 14:20:45,153 - INFO - Epoch [2/700] started.
2024-12-16 14:21:48,302 - INFO - Logging initialized. Logs will be saved to: ./my_logs\training.log
2024-12-16 14:21:51,438 - INFO - Epoch [1/700] started.
2024-12-16 14:31:38,621 - INFO - Epoch [1/700]: Train Loss: 3.8592, Learning Rate: 0.320000
2024-12-16 14:31:38,790 - INFO - Best model updated. Loss: 3.8592, Model saved to ./saved_models/pretraining
2024-12-16 14:31:38,790 - INFO - Epoch [2/700] started.
2024-12-16 16:48:31,878 - INFO - Logging initialized. Logs will be saved to: ./my_logs\training.log
2024-12-16 16:49:39,274 - INFO - Logging initialized. Logs will be saved to: ./my_logs\training.log
2024-12-16 16:49:41,733 - INFO - Epoch [1/20] started.
2024-12-16 16:52:03,046 - INFO - Epoch [1/20]: Train Loss: 4.9021, Learning Rate: 0.004000
2024-12-16 16:52:03,158 - INFO - Best model updated. Loss: 4.9021, Model saved to ./saved_models/pretraining
2024-12-16 16:52:03,158 - INFO - Epoch [2/20] started.
2024-12-16 16:54:20,876 - INFO - Epoch [2/20]: Train Loss: 4.8945, Learning Rate: 0.006000
2024-12-16 16:54:20,946 - INFO - Best model updated. Loss: 4.8945, Model saved to ./saved_models/pretraining
2024-12-16 16:54:20,946 - INFO - Epoch [3/20] started.
2024-12-16 17:03:39,781 - INFO - Logging initialized. Logs will be saved to: ./my_logs\training.log
2024-12-16 17:03:42,914 - INFO - Epoch [1/2] started.
2024-12-16 17:04:38,062 - INFO - Logging initialized. Logs will be saved to: ./my_logs\training.log
2024-12-16 17:04:40,739 - INFO - Epoch [1/2] started.
2024-12-16 17:17:49,236 - INFO - Logging initialized. Logs will be saved to: ./my_logs\training.log
2024-12-16 17:17:51,363 - INFO - Epoch [1/2] started.
2024-12-16 17:19:47,531 - INFO - Epoch [1/2]: Train Loss: 5.9279, Learning Rate: 0.004000
2024-12-16 17:22:47,971 - INFO - Logging initialized. Logs will be saved to: ./my_logs\training.log
2024-12-16 17:22:50,662 - INFO - Epoch [1/2] started.
2024-12-16 17:24:46,369 - INFO - Epoch [1/2]: Train Loss: 5.9328, Learning Rate: 0.004000
2024-12-16 17:24:46,439 - INFO - Epoch [2/2] started.
2024-12-16 17:26:37,288 - INFO - Epoch [2/2]: Train Loss: 5.9132, Learning Rate: 0.006000
2024-12-16 17:26:37,358 - INFO - Training complete. Best loss: 5.9132
2024-12-16 17:27:19,924 - INFO - Logging initialized. Logs will be saved to: ./my_logs\training.log
2024-12-16 17:27:22,263 - INFO - Epoch [1/4] started.
2024-12-16 17:29:17,960 - INFO - Epoch [1/4]: Train Loss: 5.9230, Learning Rate: 0.004000
2024-12-16 17:29:18,031 - INFO - Epoch [2/4] started.
2024-12-16 17:31:09,051 - INFO - Epoch [2/4]: Train Loss: 5.9156, Learning Rate: 0.006000
2024-12-16 17:31:09,121 - INFO - Epoch [3/4] started.
2024-12-16 17:33:08,910 - INFO - Logging initialized. Logs will be saved to: ./my_logs\training.log
2024-12-16 17:33:11,588 - INFO - Epoch [1/4] started.
2024-12-16 17:35:06,906 - INFO - Epoch [1/4]: Train Loss: 5.9293, Learning Rate: 0.004000
2024-12-16 17:35:06,987 - INFO - Epoch [2/4] started.
2024-12-16 17:36:57,755 - INFO - Epoch [2/4]: Train Loss: 5.9122, Learning Rate: 0.006000
2024-12-16 17:36:57,895 - INFO - Epoch [3/4] started.
2024-12-16 17:38:48,617 - INFO - Epoch [3/4]: Train Loss: 5.9088, Learning Rate: 0.008000
2024-12-16 17:38:48,687 - INFO - Epoch [4/4] started.
2024-12-16 17:40:39,710 - INFO - Epoch [4/4]: Train Loss: 5.8995, Learning Rate: 0.010000
2024-12-16 17:40:39,800 - INFO - Training complete. Best loss: 5.8995
2024-12-16 17:46:08,185 - INFO - Logging initialized. Logs will be saved to: ./my_logs\training.log
2024-12-16 17:46:36,196 - INFO - Logging initialized. Logs will be saved to: ./my_logs\training.log
2024-12-16 17:46:39,036 - INFO - Epoch [1/3] started.
2024-12-16 17:47:07,111 - INFO - Logging initialized. Logs will be saved to: ./my_logs\training.log
2024-12-16 17:48:08,259 - INFO - Logging initialized. Logs will be saved to: ./my_logs\training.log
2024-12-16 17:48:10,967 - INFO - Epoch [1/2] started.
